<?xml version="1.0" encoding="UTF-8"?>
<!-- Generated by org.testng.reporters.JUnitXMLReporter -->
<testsuite ignored="0" hostname="DESKTOP-E1KL1ST" failures="0" tests="9" name="Authentication Tests" time="56.552" errors="0" timestamp="٢٠٢٦-٠٦-١٠T١٥:٢٣:١٩ IDT">
  <testcase classname="com.toolshop.tests.AuthenticationTest" name="testSuccessfulLogin" time="5.442"/>
  <testcase classname="com.toolshop.tests.AuthenticationTest" name="testSuccessfulLogin" time="3.37"/>
  <testcase classname="com.toolshop.tests.AuthenticationTest" name="testSuccessfulLogin" time="5.535"/>
  <testcase classname="com.toolshop.tests.AuthenticationTest" name="testSuccessfulLogin" time="3.665"/>
  <testcase classname="com.toolshop.tests.AuthenticationTest" name="testLoginWithWrongPassword" time="2.18"/>
  <testcase classname="com.toolshop.tests.AuthenticationTest" name="testLoginWithWrongPassword" time="1.26"/>
  <testcase classname="com.toolshop.tests.AuthenticationTest" name="testLoginWithWrongPassword" time="1.25"/>
  <testcase classname="com.toolshop.tests.AuthenticationTest" name="testLoginWithInvalidEmail" time="1.2"/>
  <testcase classname="com.toolshop.tests.AuthenticationTest" name="testLoginWithInvalidEmail" time="6.402"/>
</testsuite> <!-- Authentication Tests -->
