<?xml version="1.0" encoding="UTF-8"?>
<!-- Generated by org.testng.reporters.JUnitXMLReporter -->
<testsuite ignored="0" hostname="DESKTOP-E1KL1ST" failures="7" tests="23" name="Search and Navigation Tests" time="335.125" errors="0" timestamp="٢٠٢٦-٠٦-١٠T١٥:٢٨:٥٤ IDT">
  <testcase classname="com.toolshop.tests.SearchTest" name="verifyProductSearchExecution" time="1.033"/>
  <testcase classname="com.toolshop.tests.SearchTest" name="verifyProductSearchExecution" time="3.563"/>
  <testcase classname="com.toolshop.tests.SearchTest" name="verifyProductSearchExecution" time="1.426"/>
  <testcase classname="com.toolshop.tests.SearchTest" name="verifyHandToolsCategoryNavigation" time="0.829"/>
  <testcase classname="com.toolshop.tests.SearchTest" name="verifyPowerToolsCategoryNavigation" time="0.865"/>
  <testcase classname="com.toolshop.tests.SearchTest" name="verifyHomeNavigationFromCategoryPage" time="5.282"/>
  <testcase classname="com.toolshop.tests.SearchTest" name="verifySearchResultCardNameAndPrice" time="12.051"/>
  <testcase classname="com.toolshop.tests.SearchTest" name="verifySearchResultCardNameAndPrice" time="1.042"/>
  <testcase classname="com.toolshop.tests.SearchTest" name="verifySearchResultCardNameAndPrice" time="1.08"/>
  <testcase classname="com.toolshop.tests.SearchTest" name="verifySearchResultCardImageDisplayed" time="0.996"/>
  <testcase classname="com.toolshop.tests.SearchTest" name="verifySearchResultCardImageDisplayed" time="1.026"/>
  <testcase classname="com.toolshop.tests.SearchTest" name="verifySearchResultCardImageDisplayed" time="0.932">
    <failure type="java.lang.AssertionError" message="Product image on search card is not displayed for keyword: Pliers expected [true] but found [false]">
      <![CDATA[java.lang.AssertionError: Product image on search card is not displayed for keyword: Pliers expected [true] but found [false]
at com.toolshop.tests.SearchTest.verifySearchResultCardImageDisplayed(SearchTest.java:224)
at java.base/java.util.ArrayList.forEach(ArrayList.java:1596)
... Removed 28 stack frames]]>
    </failure>
  </testcase> <!-- verifySearchResultCardImageDisplayed -->
  <testcase classname="com.toolshop.tests.SearchTest" name="verifyProductDetailMatchesSearchCard" time="2.31"/>
  <testcase classname="com.toolshop.tests.SearchTest" name="verifyProductDetailMatchesSearchCard" time="4.209"/>
  <testcase classname="com.toolshop.tests.SearchTest" name="verifyProductDetailMatchesSearchCard" time="1.876"/>
  <testcase classname="com.toolshop.tests.SearchTest" name="verifyAddToCartSuccessMessage" time="17.95">
    <failure type="org.openqa.selenium.TimeoutException" message="Expected condition failed: waiting for element found by By.cssSelector: [data-test=&amp;apos;add-to-cart&amp;apos;] to be clickable, but the element was not found: org.openqa.selenium.NoSuchElementException: no such element: Unable to locate element: {&amp;quot;method&amp;quot;:&amp;quot;css selector&amp;quot;,&amp;quot;selector&amp;quot;:&amp;quot;[data-test=&amp;apos;add-to-cart&amp;apos;]&amp;quot;}.
(tried for 15 seconds with ٥٠٠ milliseconds interval)
Build info: version: &amp;apos;4.44.0&amp;apos;, revision: &amp;apos;da2039b&amp;apos;
System info: os.name: &amp;apos;Windows 10&amp;apos;, os.arch: &amp;apos;amd64&amp;apos;, os.version: &amp;apos;10.0&amp;apos;, java.version: &amp;apos;21.0.10&amp;apos;
Driver info: org.openqa.selenium.chrome.ChromeDriver
Capabilities {acceptInsecureCerts: false, browserName: chrome, browserVersion: 149.0.7827.54, chrome: {chromedriverVersion: 149.0.7827.55 (3188f8a607ae..., userDataDir: C:\Users\IMOE001\AppData\Lo...}, fedcm:accounts: true, goog:chromeOptions: {debuggerAddress: localhost:50390}, goog:processID: 19836, networkConnectionEnabled: false, pageLoadStrategy: normal, platformName: windows, proxy: Proxy(), se:cdp: ws://localhost:50390/devtoo..., se:cdpVersion: 149.0.7827.54, setWindowRect: true, strictFileInteractability: false, timeouts: {implicit: 0, pageLoad: 300000, script: 30000}, unhandledPromptBehavior: dismiss and notify, webauthn:extension:credBlob: true, webauthn:extension:largeBlob: true, webauthn:extension:minPinLength: true, webauthn:extension:prf: true, webauthn:virtualAuthenticators: true}
Session ID: 368bc8a5725867d9ebe837aae3f6bbed">
      <![CDATA[org.openqa.selenium.TimeoutException: Expected condition failed: waiting for element found by By.cssSelector: [data-test='add-to-cart'] to be clickable, but the element was not found: org.openqa.selenium.NoSuchElementException: no such element: Unable to locate element: {"method":"css selector","selector":"[data-test='add-to-cart']"}.
(tried for 15 seconds with ٥٠٠ milliseconds interval)
Build info: version: '4.44.0', revision: 'da2039b'
System info: os.name: 'Windows 10', os.arch: 'amd64', os.version: '10.0', java.version: '21.0.10'
Driver info: org.openqa.selenium.chrome.ChromeDriver
Capabilities {acceptInsecureCerts: false, browserName: chrome, browserVersion: 149.0.7827.54, chrome: {chromedriverVersion: 149.0.7827.55 (3188f8a607ae..., userDataDir: C:\Users\IMOE001\AppData\Lo...}, fedcm:accounts: true, goog:chromeOptions: {debuggerAddress: localhost:50390}, goog:processID: 19836, networkConnectionEnabled: false, pageLoadStrategy: normal, platformName: windows, proxy: Proxy(), se:cdp: ws://localhost:50390/devtoo..., se:cdpVersion: 149.0.7827.54, setWindowRect: true, strictFileInteractability: false, timeouts: {implicit: 0, pageLoad: 300000, script: 30000}, unhandledPromptBehavior: dismiss and notify, webauthn:extension:credBlob: true, webauthn:extension:largeBlob: true, webauthn:extension:minPinLength: true, webauthn:extension:prf: true, webauthn:virtualAuthenticators: true}
Session ID: 368bc8a5725867d9ebe837aae3f6bbed
at org.openqa.selenium.support.ui.WebDriverWait.timeoutException(WebDriverWait.java:85)
at org.openqa.selenium.support.ui.FluentWait.until(FluentWait.java:234)
at com.toolshop.utils.WaitUtils.waitForClickable(WaitUtils.java:47)
at com.toolshop.pages.SearchPage.clickAddToCart(SearchPage.java:144)
at com.toolshop.tests.SearchTest.verifyAddToCartSuccessMessage(SearchTest.java:315)
at java.base/java.util.ArrayList.forEach(ArrayList.java:1596)
... Removed 25 stack frames]]>
    </failure>
  </testcase> <!-- verifyAddToCartSuccessMessage -->
  <testcase classname="com.toolshop.tests.SearchTest" name="verifyAddToCartSuccessMessage" time="19.273">
    <failure type="org.openqa.selenium.TimeoutException" message="Expected condition failed: waiting for element found by By.cssSelector: [data-test=&amp;apos;add-to-cart&amp;apos;] to be clickable, but the element was not found: org.openqa.selenium.NoSuchElementException: no such element: Unable to locate element: {&amp;quot;method&amp;quot;:&amp;quot;css selector&amp;quot;,&amp;quot;selector&amp;quot;:&amp;quot;[data-test=&amp;apos;add-to-cart&amp;apos;]&amp;quot;}.
(tried for 15 seconds with ٥٠٠ milliseconds interval)
Build info: version: &amp;apos;4.44.0&amp;apos;, revision: &amp;apos;da2039b&amp;apos;
System info: os.name: &amp;apos;Windows 10&amp;apos;, os.arch: &amp;apos;amd64&amp;apos;, os.version: &amp;apos;10.0&amp;apos;, java.version: &amp;apos;21.0.10&amp;apos;
Driver info: org.openqa.selenium.chrome.ChromeDriver
Capabilities {acceptInsecureCerts: false, browserName: chrome, browserVersion: 149.0.7827.54, chrome: {chromedriverVersion: 149.0.7827.55 (3188f8a607ae..., userDataDir: C:\Users\IMOE001\AppData\Lo...}, fedcm:accounts: true, goog:chromeOptions: {debuggerAddress: localhost:50461}, goog:processID: 9528, networkConnectionEnabled: false, pageLoadStrategy: normal, platformName: windows, proxy: Proxy(), se:cdp: ws://localhost:50461/devtoo..., se:cdpVersion: 149.0.7827.54, setWindowRect: true, strictFileInteractability: false, timeouts: {implicit: 0, pageLoad: 300000, script: 30000}, unhandledPromptBehavior: dismiss and notify, webauthn:extension:credBlob: true, webauthn:extension:largeBlob: true, webauthn:extension:minPinLength: true, webauthn:extension:prf: true, webauthn:virtualAuthenticators: true}
Session ID: 5615b3a85557d373715ab843cae1c55e">
      <![CDATA[org.openqa.selenium.TimeoutException: Expected condition failed: waiting for element found by By.cssSelector: [data-test='add-to-cart'] to be clickable, but the element was not found: org.openqa.selenium.NoSuchElementException: no such element: Unable to locate element: {"method":"css selector","selector":"[data-test='add-to-cart']"}.
(tried for 15 seconds with ٥٠٠ milliseconds interval)
Build info: version: '4.44.0', revision: 'da2039b'
System info: os.name: 'Windows 10', os.arch: 'amd64', os.version: '10.0', java.version: '21.0.10'
Driver info: org.openqa.selenium.chrome.ChromeDriver
Capabilities {acceptInsecureCerts: false, browserName: chrome, browserVersion: 149.0.7827.54, chrome: {chromedriverVersion: 149.0.7827.55 (3188f8a607ae..., userDataDir: C:\Users\IMOE001\AppData\Lo...}, fedcm:accounts: true, goog:chromeOptions: {debuggerAddress: localhost:50461}, goog:processID: 9528, networkConnectionEnabled: false, pageLoadStrategy: normal, platformName: windows, proxy: Proxy(), se:cdp: ws://localhost:50461/devtoo..., se:cdpVersion: 149.0.7827.54, setWindowRect: true, strictFileInteractability: false, timeouts: {implicit: 0, pageLoad: 300000, script: 30000}, unhandledPromptBehavior: dismiss and notify, webauthn:extension:credBlob: true, webauthn:extension:largeBlob: true, webauthn:extension:minPinLength: true, webauthn:extension:prf: true, webauthn:virtualAuthenticators: true}
Session ID: 5615b3a85557d373715ab843cae1c55e
at org.openqa.selenium.support.ui.WebDriverWait.timeoutException(WebDriverWait.java:85)
at org.openqa.selenium.support.ui.FluentWait.until(FluentWait.java:234)
at com.toolshop.utils.WaitUtils.waitForClickable(WaitUtils.java:47)
at com.toolshop.pages.SearchPage.clickAddToCart(SearchPage.java:144)
at com.toolshop.tests.SearchTest.verifyAddToCartSuccessMessage(SearchTest.java:315)
at java.base/java.util.ArrayList.forEach(ArrayList.java:1596)
... Removed 25 stack frames]]>
    </failure>
  </testcase> <!-- verifyAddToCartSuccessMessage -->
  <testcase classname="com.toolshop.tests.SearchTest" name="verifyProductAppearsInCartAfterAddToCart" time="25.494">
    <failure type="org.openqa.selenium.TimeoutException" message="Expected condition failed: waiting for visibility of element found by By.cssSelector: [data-test=&amp;apos;product-title&amp;apos;], but... org.openqa.selenium.NoSuchElementException: no such element: Unable to locate element: {&amp;quot;method&amp;quot;:&amp;quot;css selector&amp;quot;,&amp;quot;selector&amp;quot;:&amp;quot;[data-test=&amp;apos;product-title&amp;apos;]&amp;quot;}.
(tried for 20 seconds with ٥٠٠ milliseconds interval)
Build info: version: &amp;apos;4.44.0&amp;apos;, revision: &amp;apos;da2039b&amp;apos;
System info: os.name: &amp;apos;Windows 10&amp;apos;, os.arch: &amp;apos;amd64&amp;apos;, os.version: &amp;apos;10.0&amp;apos;, java.version: &amp;apos;21.0.10&amp;apos;
Driver info: org.openqa.selenium.chrome.ChromeDriver
Capabilities {acceptInsecureCerts: false, browserName: chrome, browserVersion: 149.0.7827.54, chrome: {chromedriverVersion: 149.0.7827.55 (3188f8a607ae..., userDataDir: C:\Users\IMOE001\AppData\Lo...}, fedcm:accounts: true, goog:chromeOptions: {debuggerAddress: localhost:50545}, goog:processID: 21896, networkConnectionEnabled: false, pageLoadStrategy: normal, platformName: windows, proxy: Proxy(), se:cdp: ws://localhost:50545/devtoo..., se:cdpVersion: 149.0.7827.54, setWindowRect: true, strictFileInteractability: false, timeouts: {implicit: 0, pageLoad: 300000, script: 30000}, unhandledPromptBehavior: dismiss and notify, webauthn:extension:credBlob: true, webauthn:extension:largeBlob: true, webauthn:extension:minPinLength: true, webauthn:extension:prf: true, webauthn:virtualAuthenticators: true}
Session ID: 871424304d90b35c176c2ca7b61b0746">
      <![CDATA[org.openqa.selenium.TimeoutException: Expected condition failed: waiting for visibility of element found by By.cssSelector: [data-test='product-title'], but... org.openqa.selenium.NoSuchElementException: no such element: Unable to locate element: {"method":"css selector","selector":"[data-test='product-title']"}.
(tried for 20 seconds with ٥٠٠ milliseconds interval)
Build info: version: '4.44.0', revision: 'da2039b'
System info: os.name: 'Windows 10', os.arch: 'amd64', os.version: '10.0', java.version: '21.0.10'
Driver info: org.openqa.selenium.chrome.ChromeDriver
Capabilities {acceptInsecureCerts: false, browserName: chrome, browserVersion: 149.0.7827.54, chrome: {chromedriverVersion: 149.0.7827.55 (3188f8a607ae..., userDataDir: C:\Users\IMOE001\AppData\Lo...}, fedcm:accounts: true, goog:chromeOptions: {debuggerAddress: localhost:50545}, goog:processID: 21896, networkConnectionEnabled: false, pageLoadStrategy: normal, platformName: windows, proxy: Proxy(), se:cdp: ws://localhost:50545/devtoo..., se:cdpVersion: 149.0.7827.54, setWindowRect: true, strictFileInteractability: false, timeouts: {implicit: 0, pageLoad: 300000, script: 30000}, unhandledPromptBehavior: dismiss and notify, webauthn:extension:credBlob: true, webauthn:extension:largeBlob: true, webauthn:extension:minPinLength: true, webauthn:extension:prf: true, webauthn:virtualAuthenticators: true}
Session ID: 871424304d90b35c176c2ca7b61b0746
at org.openqa.selenium.support.ui.WebDriverWait.timeoutException(WebDriverWait.java:85)
at org.openqa.selenium.support.ui.FluentWait.until(FluentWait.java:234)
at com.toolshop.utils.WaitUtils.waitForVisible(WaitUtils.java:42)
at com.toolshop.pages.SearchPage.isProductInCart(SearchPage.java:191)
at com.toolshop.tests.SearchTest.verifyProductAppearsInCartAfterAddToCart(SearchTest.java:362)
at java.base/java.util.ArrayList.forEach(ArrayList.java:1596)
... Removed 25 stack frames]]>
    </failure>
  </testcase> <!-- verifyProductAppearsInCartAfterAddToCart -->
  <testcase classname="com.toolshop.tests.SearchTest" name="verifyProductAppearsInCartAfterAddToCart" time="24.823">
    <failure type="org.openqa.selenium.TimeoutException" message="Expected condition failed: waiting for visibility of element found by By.cssSelector: [data-test=&amp;apos;product-title&amp;apos;], but... org.openqa.selenium.NoSuchElementException: no such element: Unable to locate element: {&amp;quot;method&amp;quot;:&amp;quot;css selector&amp;quot;,&amp;quot;selector&amp;quot;:&amp;quot;[data-test=&amp;apos;product-title&amp;apos;]&amp;quot;}.
(tried for 20 seconds with ٥٠٠ milliseconds interval)
Build info: version: &amp;apos;4.44.0&amp;apos;, revision: &amp;apos;da2039b&amp;apos;
System info: os.name: &amp;apos;Windows 10&amp;apos;, os.arch: &amp;apos;amd64&amp;apos;, os.version: &amp;apos;10.0&amp;apos;, java.version: &amp;apos;21.0.10&amp;apos;
Driver info: org.openqa.selenium.chrome.ChromeDriver
Capabilities {acceptInsecureCerts: false, browserName: chrome, browserVersion: 149.0.7827.54, chrome: {chromedriverVersion: 149.0.7827.55 (3188f8a607ae..., userDataDir: C:\Users\IMOE001\AppData\Lo...}, fedcm:accounts: true, goog:chromeOptions: {debuggerAddress: localhost:50637}, goog:processID: 21360, networkConnectionEnabled: false, pageLoadStrategy: normal, platformName: windows, proxy: Proxy(), se:cdp: ws://localhost:50637/devtoo..., se:cdpVersion: 149.0.7827.54, setWindowRect: true, strictFileInteractability: false, timeouts: {implicit: 0, pageLoad: 300000, script: 30000}, unhandledPromptBehavior: dismiss and notify, webauthn:extension:credBlob: true, webauthn:extension:largeBlob: true, webauthn:extension:minPinLength: true, webauthn:extension:prf: true, webauthn:virtualAuthenticators: true}
Session ID: a447ab8e8df02cf10c35ab1bef70bb4a">
      <![CDATA[org.openqa.selenium.TimeoutException: Expected condition failed: waiting for visibility of element found by By.cssSelector: [data-test='product-title'], but... org.openqa.selenium.NoSuchElementException: no such element: Unable to locate element: {"method":"css selector","selector":"[data-test='product-title']"}.
(tried for 20 seconds with ٥٠٠ milliseconds interval)
Build info: version: '4.44.0', revision: 'da2039b'
System info: os.name: 'Windows 10', os.arch: 'amd64', os.version: '10.0', java.version: '21.0.10'
Driver info: org.openqa.selenium.chrome.ChromeDriver
Capabilities {acceptInsecureCerts: false, browserName: chrome, browserVersion: 149.0.7827.54, chrome: {chromedriverVersion: 149.0.7827.55 (3188f8a607ae..., userDataDir: C:\Users\IMOE001\AppData\Lo...}, fedcm:accounts: true, goog:chromeOptions: {debuggerAddress: localhost:50637}, goog:processID: 21360, networkConnectionEnabled: false, pageLoadStrategy: normal, platformName: windows, proxy: Proxy(), se:cdp: ws://localhost:50637/devtoo..., se:cdpVersion: 149.0.7827.54, setWindowRect: true, strictFileInteractability: false, timeouts: {implicit: 0, pageLoad: 300000, script: 30000}, unhandledPromptBehavior: dismiss and notify, webauthn:extension:credBlob: true, webauthn:extension:largeBlob: true, webauthn:extension:minPinLength: true, webauthn:extension:prf: true, webauthn:virtualAuthenticators: true}
Session ID: a447ab8e8df02cf10c35ab1bef70bb4a
at org.openqa.selenium.support.ui.WebDriverWait.timeoutException(WebDriverWait.java:85)
at org.openqa.selenium.support.ui.FluentWait.until(FluentWait.java:234)
at com.toolshop.utils.WaitUtils.waitForVisible(WaitUtils.java:42)
at com.toolshop.pages.SearchPage.isProductInCart(SearchPage.java:191)
at com.toolshop.tests.SearchTest.verifyProductAppearsInCartAfterAddToCart(SearchTest.java:362)
at java.base/java.util.ArrayList.forEach(ArrayList.java:1596)
... Removed 25 stack frames]]>
    </failure>
  </testcase> <!-- verifyProductAppearsInCartAfterAddToCart -->
  <testcase classname="com.toolshop.tests.SearchTest" name="verifyAddToFavoritesSuccessMessage" time="17.968">
    <failure type="org.openqa.selenium.TimeoutException" message="Expected condition failed: waiting for element found by By.cssSelector: [data-test=&amp;apos;add-to-favorites&amp;apos;] to be clickable, but the element was not found: org.openqa.selenium.NoSuchElementException: no such element: Unable to locate element: {&amp;quot;method&amp;quot;:&amp;quot;css selector&amp;quot;,&amp;quot;selector&amp;quot;:&amp;quot;[data-test=&amp;apos;add-to-favorites&amp;apos;]&amp;quot;}.
(tried for 15 seconds with ٥٠٠ milliseconds interval)
Build info: version: &amp;apos;4.44.0&amp;apos;, revision: &amp;apos;da2039b&amp;apos;
System info: os.name: &amp;apos;Windows 10&amp;apos;, os.arch: &amp;apos;amd64&amp;apos;, os.version: &amp;apos;10.0&amp;apos;, java.version: &amp;apos;21.0.10&amp;apos;
Driver info: org.openqa.selenium.chrome.ChromeDriver
Capabilities {acceptInsecureCerts: false, browserName: chrome, browserVersion: 149.0.7827.54, chrome: {chromedriverVersion: 149.0.7827.55 (3188f8a607ae..., userDataDir: C:\Users\IMOE001\AppData\Lo...}, fedcm:accounts: true, goog:chromeOptions: {debuggerAddress: localhost:50732}, goog:processID: 19432, networkConnectionEnabled: false, pageLoadStrategy: normal, platformName: windows, proxy: Proxy(), se:cdp: ws://localhost:50732/devtoo..., se:cdpVersion: 149.0.7827.54, setWindowRect: true, strictFileInteractability: false, timeouts: {implicit: 0, pageLoad: 300000, script: 30000}, unhandledPromptBehavior: dismiss and notify, webauthn:extension:credBlob: true, webauthn:extension:largeBlob: true, webauthn:extension:minPinLength: true, webauthn:extension:prf: true, webauthn:virtualAuthenticators: true}
Session ID: 318c883bd86ce65fd04497e87604d321">
      <![CDATA[org.openqa.selenium.TimeoutException: Expected condition failed: waiting for element found by By.cssSelector: [data-test='add-to-favorites'] to be clickable, but the element was not found: org.openqa.selenium.NoSuchElementException: no such element: Unable to locate element: {"method":"css selector","selector":"[data-test='add-to-favorites']"}.
(tried for 15 seconds with ٥٠٠ milliseconds interval)
Build info: version: '4.44.0', revision: 'da2039b'
System info: os.name: 'Windows 10', os.arch: 'amd64', os.version: '10.0', java.version: '21.0.10'
Driver info: org.openqa.selenium.chrome.ChromeDriver
Capabilities {acceptInsecureCerts: false, browserName: chrome, browserVersion: 149.0.7827.54, chrome: {chromedriverVersion: 149.0.7827.55 (3188f8a607ae..., userDataDir: C:\Users\IMOE001\AppData\Lo...}, fedcm:accounts: true, goog:chromeOptions: {debuggerAddress: localhost:50732}, goog:processID: 19432, networkConnectionEnabled: false, pageLoadStrategy: normal, platformName: windows, proxy: Proxy(), se:cdp: ws://localhost:50732/devtoo..., se:cdpVersion: 149.0.7827.54, setWindowRect: true, strictFileInteractability: false, timeouts: {implicit: 0, pageLoad: 300000, script: 30000}, unhandledPromptBehavior: dismiss and notify, webauthn:extension:credBlob: true, webauthn:extension:largeBlob: true, webauthn:extension:minPinLength: true, webauthn:extension:prf: true, webauthn:virtualAuthenticators: true}
Session ID: 318c883bd86ce65fd04497e87604d321
at org.openqa.selenium.support.ui.WebDriverWait.timeoutException(WebDriverWait.java:85)
at org.openqa.selenium.support.ui.FluentWait.until(FluentWait.java:234)
at com.toolshop.utils.WaitUtils.waitForClickable(WaitUtils.java:47)
at com.toolshop.pages.SearchPage.clickAddToFavorites(SearchPage.java:157)
at com.toolshop.tests.SearchTest.verifyAddToFavoritesSuccessMessage(SearchTest.java:398)
at java.base/java.util.ArrayList.forEach(ArrayList.java:1596)
... Removed 25 stack frames]]>
    </failure>
  </testcase> <!-- verifyAddToFavoritesSuccessMessage -->
  <testcase classname="com.toolshop.tests.SearchTest" name="verifyAddToFavoritesSuccessMessage" time="6.063"/>
  <testcase classname="com.toolshop.tests.SearchTest" name="verifyProductAppearsInFavoritesAfterAdd" time="3.196">
    <failure type="org.openqa.selenium.StaleElementReferenceException" message="stale element reference: stale element not found in the current frame
  (Session info: chrome=149.0.7827.54)
For documentation on this error, please visit: https://www.selenium.dev/documentation/webdriver/troubleshooting/errors#staleelementreferenceexception
Build info: version: &amp;apos;4.44.0&amp;apos;, revision: &amp;apos;da2039b&amp;apos;
System info: os.name: &amp;apos;Windows 10&amp;apos;, os.arch: &amp;apos;amd64&amp;apos;, os.version: &amp;apos;10.0&amp;apos;, java.version: &amp;apos;21.0.10&amp;apos;
Driver info: org.openqa.selenium.chrome.ChromeDriver
Command: [2b723197a52195068f4d208ddda4bef5, findChildElement {id=f.4F3036EF515BBE5754CDFD1620E3A281.d.0C26543B343D0FEAA8CBEDADF67EE418.e.140, using=css selector, value=[data-test=&amp;apos;product-name&amp;apos;]}]
Capabilities {acceptInsecureCerts: false, browserName: chrome, browserVersion: 149.0.7827.54, chrome: {chromedriverVersion: 149.0.7827.55 (3188f8a607ae..., userDataDir: C:\Users\IMOE001\AppData\Lo...}, fedcm:accounts: true, goog:chromeOptions: {debuggerAddress: localhost:50880}, goog:processID: 12644, networkConnectionEnabled: false, pageLoadStrategy: normal, platformName: windows, proxy: Proxy(), se:cdp: ws://localhost:50880/devtoo..., se:cdpVersion: 149.0.7827.54, setWindowRect: true, strictFileInteractability: false, timeouts: {implicit: 0, pageLoad: 300000, script: 30000}, unhandledPromptBehavior: dismiss and notify, webauthn:extension:credBlob: true, webauthn:extension:largeBlob: true, webauthn:extension:minPinLength: true, webauthn:extension:prf: true, webauthn:virtualAuthenticators: true}
Session ID: 2b723197a52195068f4d208ddda4bef5">
      <![CDATA[org.openqa.selenium.StaleElementReferenceException: stale element reference: stale element not found in the current frame
  (Session info: chrome=149.0.7827.54)
For documentation on this error, please visit: https://www.selenium.dev/documentation/webdriver/troubleshooting/errors#staleelementreferenceexception
Build info: version: '4.44.0', revision: 'da2039b'
System info: os.name: 'Windows 10', os.arch: 'amd64', os.version: '10.0', java.version: '21.0.10'
Driver info: org.openqa.selenium.chrome.ChromeDriver
Command: [2b723197a52195068f4d208ddda4bef5, findChildElement {id=f.4F3036EF515BBE5754CDFD1620E3A281.d.0C26543B343D0FEAA8CBEDADF67EE418.e.140, using=css selector, value=[data-test='product-name']}]
Capabilities {acceptInsecureCerts: false, browserName: chrome, browserVersion: 149.0.7827.54, chrome: {chromedriverVersion: 149.0.7827.55 (3188f8a607ae..., userDataDir: C:\Users\IMOE001\AppData\Lo...}, fedcm:accounts: true, goog:chromeOptions: {debuggerAddress: localhost:50880}, goog:processID: 12644, networkConnectionEnabled: false, pageLoadStrategy: normal, platformName: windows, proxy: Proxy(), se:cdp: ws://localhost:50880/devtoo..., se:cdpVersion: 149.0.7827.54, setWindowRect: true, strictFileInteractability: false, timeouts: {implicit: 0, pageLoad: 300000, script: 30000}, unhandledPromptBehavior: dismiss and notify, webauthn:extension:credBlob: true, webauthn:extension:largeBlob: true, webauthn:extension:minPinLength: true, webauthn:extension:prf: true, webauthn:virtualAuthenticators: true}
Session ID: 2b723197a52195068f4d208ddda4bef5
at org.openqa.selenium.remote.ErrorCodec.decode(ErrorCodec.java:169)
at org.openqa.selenium.remote.codec.w3c.W3CHttpResponseCodec.decode(W3CHttpResponseCodec.java:143)
at org.openqa.selenium.remote.codec.w3c.W3CHttpResponseCodec.decode(W3CHttpResponseCodec.java:50)
at org.openqa.selenium.remote.HttpCommandExecutor.execute(HttpCommandExecutor.java:224)
at org.openqa.selenium.remote.service.DriverCommandExecutor.invokeExecute(DriverCommandExecutor.java:217)
at org.openqa.selenium.remote.service.DriverCommandExecutor.execute(DriverCommandExecutor.java:175)
at org.openqa.selenium.remote.RemoteWebDriver.execute(RemoteWebDriver.java:600)
at org.openqa.selenium.remote.ElementLocation$ElementFinder$2.findElement(ElementLocation.java:173)
at org.openqa.selenium.remote.ElementLocation.findElement(ElementLocation.java:60)
at org.openqa.selenium.remote.RemoteWebDriver.findElement(RemoteWebDriver.java:421)
at org.openqa.selenium.remote.RemoteWebElement.findElement(RemoteWebElement.java:213)
at com.toolshop.pages.SearchPage.getFirstCardProductName(SearchPage.java:84)
at com.toolshop.tests.SearchTest.verifyProductAppearsInFavoritesAfterAdd(SearchTest.java:435)
at java.base/java.util.ArrayList.forEach(ArrayList.java:1596)
... Removed 25 stack frames]]>
    </failure>
  </testcase> <!-- verifyProductAppearsInFavoritesAfterAdd -->
  <testcase classname="com.toolshop.tests.SearchTest" name="verifyProductAppearsInFavoritesAfterAdd" time="4.399"/>
</testsuite> <!-- Search and Navigation Tests -->
