<?xml version="1.0" encoding="UTF-8"?>
<!-- Generated by org.testng.reporters.JUnitXMLReporter -->
<testsuite ignored="0" hostname="DESKTOP-E1KL1ST" failures="7" tests="7" name="User Profile Tests" time="146.89" errors="0" timestamp="٢٠٢٦-٠٦-١٠T١٥:٣١:٢١ IDT">
  <testcase classname="com.toolshop.tests.UserProfileTest" name="verifyProfilePageDisplaysCurrentDetails" time="15.504">
    <failure type="org.openqa.selenium.TimeoutException" message="Expected condition failed: waiting for visibility of element found by By.cssSelector: [data-test=&amp;apos;email&amp;apos;], but... org.openqa.selenium.NoSuchElementException: no such element: Unable to locate element: {&amp;quot;method&amp;quot;:&amp;quot;css selector&amp;quot;,&amp;quot;selector&amp;quot;:&amp;quot;[data-test=&amp;apos;email&amp;apos;]&amp;quot;}.
(tried for 15 seconds with ٥٠٠ milliseconds interval)
Build info: version: &amp;apos;4.44.0&amp;apos;, revision: &amp;apos;da2039b&amp;apos;
System info: os.name: &amp;apos;Windows 10&amp;apos;, os.arch: &amp;apos;amd64&amp;apos;, os.version: &amp;apos;10.0&amp;apos;, java.version: &amp;apos;21.0.10&amp;apos;
Driver info: org.openqa.selenium.chrome.ChromeDriver
Capabilities {acceptInsecureCerts: false, browserName: chrome, browserVersion: 149.0.7827.54, chrome: {chromedriverVersion: 149.0.7827.55 (3188f8a607ae..., userDataDir: C:\Users\IMOE001\AppData\Lo...}, fedcm:accounts: true, goog:chromeOptions: {debuggerAddress: localhost:51014}, goog:processID: 1892, networkConnectionEnabled: false, pageLoadStrategy: normal, platformName: windows, proxy: Proxy(), se:cdp: ws://localhost:51014/devtoo..., se:cdpVersion: 149.0.7827.54, setWindowRect: true, strictFileInteractability: false, timeouts: {implicit: 0, pageLoad: 300000, script: 30000}, unhandledPromptBehavior: dismiss and notify, webauthn:extension:credBlob: true, webauthn:extension:largeBlob: true, webauthn:extension:minPinLength: true, webauthn:extension:prf: true, webauthn:virtualAuthenticators: true}
Session ID: f39afdba96fef27b2fdbdba664781ae0">
      <![CDATA[org.openqa.selenium.TimeoutException: Expected condition failed: waiting for visibility of element found by By.cssSelector: [data-test='email'], but... org.openqa.selenium.NoSuchElementException: no such element: Unable to locate element: {"method":"css selector","selector":"[data-test='email']"}.
(tried for 15 seconds with ٥٠٠ milliseconds interval)
Build info: version: '4.44.0', revision: 'da2039b'
System info: os.name: 'Windows 10', os.arch: 'amd64', os.version: '10.0', java.version: '21.0.10'
Driver info: org.openqa.selenium.chrome.ChromeDriver
Capabilities {acceptInsecureCerts: false, browserName: chrome, browserVersion: 149.0.7827.54, chrome: {chromedriverVersion: 149.0.7827.55 (3188f8a607ae..., userDataDir: C:\Users\IMOE001\AppData\Lo...}, fedcm:accounts: true, goog:chromeOptions: {debuggerAddress: localhost:51014}, goog:processID: 1892, networkConnectionEnabled: false, pageLoadStrategy: normal, platformName: windows, proxy: Proxy(), se:cdp: ws://localhost:51014/devtoo..., se:cdpVersion: 149.0.7827.54, setWindowRect: true, strictFileInteractability: false, timeouts: {implicit: 0, pageLoad: 300000, script: 30000}, unhandledPromptBehavior: dismiss and notify, webauthn:extension:credBlob: true, webauthn:extension:largeBlob: true, webauthn:extension:minPinLength: true, webauthn:extension:prf: true, webauthn:virtualAuthenticators: true}
Session ID: f39afdba96fef27b2fdbdba664781ae0
at org.openqa.selenium.support.ui.WebDriverWait.timeoutException(WebDriverWait.java:85)
at org.openqa.selenium.support.ui.FluentWait.until(FluentWait.java:234)
at com.toolshop.utils.WaitUtils.waitForVisible(WaitUtils.java:37)
at com.toolshop.pages.LoginPage.login(LoginPage.java:22)
at com.toolshop.pages.LoginPage.loginAs(LoginPage.java:33)
at com.toolshop.tests.UserProfileTest.loginAndGoToProfile(UserProfileTest.java:26)
at com.toolshop.tests.UserProfileTest.verifyProfilePageDisplaysCurrentDetails(UserProfileTest.java:44)
at java.base/java.util.ArrayList.forEach(ArrayList.java:1596)
... Removed 25 stack frames]]>
    </failure>
  </testcase> <!-- verifyProfilePageDisplaysCurrentDetails -->
  <testcase classname="com.toolshop.tests.UserProfileTest" name="verifyProfileUpdateWithValidData" time="6.788">
    <failure type="java.lang.AssertionError" message="Expected a &amp;apos;profile updated&amp;apos; success message. Actual toast: &amp;apos;&amp;apos; expected [true] but found [false]">
      <![CDATA[java.lang.AssertionError: Expected a 'profile updated' success message. Actual toast: '' expected [true] but found [false]
at com.toolshop.tests.UserProfileTest.verifyProfileUpdateWithValidData(UserProfileTest.java:102)
at java.base/java.util.ArrayList.forEach(ArrayList.java:1596)
... Removed 28 stack frames]]>
    </failure>
  </testcase> <!-- verifyProfileUpdateWithValidData -->
  <testcase classname="com.toolshop.tests.UserProfileTest" name="verifyProfileUpdateWithValidData" time="6.837">
    <failure type="java.lang.AssertionError" message="Expected a &amp;apos;profile updated&amp;apos; success message. Actual toast: &amp;apos;&amp;apos; expected [true] but found [false]">
      <![CDATA[java.lang.AssertionError: Expected a 'profile updated' success message. Actual toast: '' expected [true] but found [false]
at com.toolshop.tests.UserProfileTest.verifyProfileUpdateWithValidData(UserProfileTest.java:102)
at java.base/java.util.ArrayList.forEach(ArrayList.java:1596)
... Removed 28 stack frames]]>
    </failure>
  </testcase> <!-- verifyProfileUpdateWithValidData -->
  <testcase classname="com.toolshop.tests.UserProfileTest" name="verifyUpdatedNamePersistsAfterSave" time="27.777">
    <failure type="org.openqa.selenium.TimeoutException" message="Expected condition failed: waiting for visibility of element found by By.cssSelector: [data-test=&amp;apos;first-name&amp;apos;], but... org.openqa.selenium.NoSuchElementException: no such element: Unable to locate element: {&amp;quot;method&amp;quot;:&amp;quot;css selector&amp;quot;,&amp;quot;selector&amp;quot;:&amp;quot;[data-test=&amp;apos;first-name&amp;apos;]&amp;quot;}.
(tried for 20 seconds with ٥٠٠ milliseconds interval)
Build info: version: &amp;apos;4.44.0&amp;apos;, revision: &amp;apos;da2039b&amp;apos;
System info: os.name: &amp;apos;Windows 10&amp;apos;, os.arch: &amp;apos;amd64&amp;apos;, os.version: &amp;apos;10.0&amp;apos;, java.version: &amp;apos;21.0.10&amp;apos;
Driver info: org.openqa.selenium.chrome.ChromeDriver
Capabilities {acceptInsecureCerts: false, browserName: chrome, browserVersion: 149.0.7827.54, chrome: {chromedriverVersion: 149.0.7827.55 (3188f8a607ae..., userDataDir: C:\Users\IMOE001\AppData\Lo...}, fedcm:accounts: true, goog:chromeOptions: {debuggerAddress: localhost:51182}, goog:processID: 21512, networkConnectionEnabled: false, pageLoadStrategy: normal, platformName: windows, proxy: Proxy(), se:cdp: ws://localhost:51182/devtoo..., se:cdpVersion: 149.0.7827.54, setWindowRect: true, strictFileInteractability: false, timeouts: {implicit: 0, pageLoad: 300000, script: 30000}, unhandledPromptBehavior: dismiss and notify, webauthn:extension:credBlob: true, webauthn:extension:largeBlob: true, webauthn:extension:minPinLength: true, webauthn:extension:prf: true, webauthn:virtualAuthenticators: true}
Session ID: 703feba37afc7e8910899bb5069ee168">
      <![CDATA[org.openqa.selenium.TimeoutException: Expected condition failed: waiting for visibility of element found by By.cssSelector: [data-test='first-name'], but... org.openqa.selenium.NoSuchElementException: no such element: Unable to locate element: {"method":"css selector","selector":"[data-test='first-name']"}.
(tried for 20 seconds with ٥٠٠ milliseconds interval)
Build info: version: '4.44.0', revision: 'da2039b'
System info: os.name: 'Windows 10', os.arch: 'amd64', os.version: '10.0', java.version: '21.0.10'
Driver info: org.openqa.selenium.chrome.ChromeDriver
Capabilities {acceptInsecureCerts: false, browserName: chrome, browserVersion: 149.0.7827.54, chrome: {chromedriverVersion: 149.0.7827.55 (3188f8a607ae..., userDataDir: C:\Users\IMOE001\AppData\Lo...}, fedcm:accounts: true, goog:chromeOptions: {debuggerAddress: localhost:51182}, goog:processID: 21512, networkConnectionEnabled: false, pageLoadStrategy: normal, platformName: windows, proxy: Proxy(), se:cdp: ws://localhost:51182/devtoo..., se:cdpVersion: 149.0.7827.54, setWindowRect: true, strictFileInteractability: false, timeouts: {implicit: 0, pageLoad: 300000, script: 30000}, unhandledPromptBehavior: dismiss and notify, webauthn:extension:credBlob: true, webauthn:extension:largeBlob: true, webauthn:extension:minPinLength: true, webauthn:extension:prf: true, webauthn:virtualAuthenticators: true}
Session ID: 703feba37afc7e8910899bb5069ee168
at org.openqa.selenium.support.ui.WebDriverWait.timeoutException(WebDriverWait.java:85)
at org.openqa.selenium.support.ui.FluentWait.until(FluentWait.java:234)
at com.toolshop.utils.WaitUtils.waitForVisible(WaitUtils.java:42)
at com.toolshop.pages.UserProfilePage.getFirstName(UserProfilePage.java:37)
at com.toolshop.tests.UserProfileTest.verifyUpdatedNamePersistsAfterSave(UserProfileTest.java:129)
at java.base/java.util.ArrayList.forEach(ArrayList.java:1596)
... Removed 25 stack frames]]>
    </failure>
  </testcase> <!-- verifyUpdatedNamePersistsAfterSave -->
  <testcase classname="com.toolshop.tests.UserProfileTest" name="verifyUpdatedNamePersistsAfterSave" time="27.585">
    <failure type="org.openqa.selenium.TimeoutException" message="Expected condition failed: waiting for visibility of element found by By.cssSelector: [data-test=&amp;apos;first-name&amp;apos;], but... org.openqa.selenium.NoSuchElementException: no such element: Unable to locate element: {&amp;quot;method&amp;quot;:&amp;quot;css selector&amp;quot;,&amp;quot;selector&amp;quot;:&amp;quot;[data-test=&amp;apos;first-name&amp;apos;]&amp;quot;}.
(tried for 20 seconds with ٥٠٠ milliseconds interval)
Build info: version: &amp;apos;4.44.0&amp;apos;, revision: &amp;apos;da2039b&amp;apos;
System info: os.name: &amp;apos;Windows 10&amp;apos;, os.arch: &amp;apos;amd64&amp;apos;, os.version: &amp;apos;10.0&amp;apos;, java.version: &amp;apos;21.0.10&amp;apos;
Driver info: org.openqa.selenium.chrome.ChromeDriver
Capabilities {acceptInsecureCerts: false, browserName: chrome, browserVersion: 149.0.7827.54, chrome: {chromedriverVersion: 149.0.7827.55 (3188f8a607ae..., userDataDir: C:\Users\IMOE001\AppData\Lo...}, fedcm:accounts: true, goog:chromeOptions: {debuggerAddress: localhost:51262}, goog:processID: 9468, networkConnectionEnabled: false, pageLoadStrategy: normal, platformName: windows, proxy: Proxy(), se:cdp: ws://localhost:51262/devtoo..., se:cdpVersion: 149.0.7827.54, setWindowRect: true, strictFileInteractability: false, timeouts: {implicit: 0, pageLoad: 300000, script: 30000}, unhandledPromptBehavior: dismiss and notify, webauthn:extension:credBlob: true, webauthn:extension:largeBlob: true, webauthn:extension:minPinLength: true, webauthn:extension:prf: true, webauthn:virtualAuthenticators: true}
Session ID: 988f6fd57bf73beac46a315764f03905">
      <![CDATA[org.openqa.selenium.TimeoutException: Expected condition failed: waiting for visibility of element found by By.cssSelector: [data-test='first-name'], but... org.openqa.selenium.NoSuchElementException: no such element: Unable to locate element: {"method":"css selector","selector":"[data-test='first-name']"}.
(tried for 20 seconds with ٥٠٠ milliseconds interval)
Build info: version: '4.44.0', revision: 'da2039b'
System info: os.name: 'Windows 10', os.arch: 'amd64', os.version: '10.0', java.version: '21.0.10'
Driver info: org.openqa.selenium.chrome.ChromeDriver
Capabilities {acceptInsecureCerts: false, browserName: chrome, browserVersion: 149.0.7827.54, chrome: {chromedriverVersion: 149.0.7827.55 (3188f8a607ae..., userDataDir: C:\Users\IMOE001\AppData\Lo...}, fedcm:accounts: true, goog:chromeOptions: {debuggerAddress: localhost:51262}, goog:processID: 9468, networkConnectionEnabled: false, pageLoadStrategy: normal, platformName: windows, proxy: Proxy(), se:cdp: ws://localhost:51262/devtoo..., se:cdpVersion: 149.0.7827.54, setWindowRect: true, strictFileInteractability: false, timeouts: {implicit: 0, pageLoad: 300000, script: 30000}, unhandledPromptBehavior: dismiss and notify, webauthn:extension:credBlob: true, webauthn:extension:largeBlob: true, webauthn:extension:minPinLength: true, webauthn:extension:prf: true, webauthn:virtualAuthenticators: true}
Session ID: 988f6fd57bf73beac46a315764f03905
at org.openqa.selenium.support.ui.WebDriverWait.timeoutException(WebDriverWait.java:85)
at org.openqa.selenium.support.ui.FluentWait.until(FluentWait.java:234)
at com.toolshop.utils.WaitUtils.waitForVisible(WaitUtils.java:42)
at com.toolshop.pages.UserProfilePage.getFirstName(UserProfilePage.java:37)
at com.toolshop.tests.UserProfileTest.verifyUpdatedNamePersistsAfterSave(UserProfileTest.java:129)
at java.base/java.util.ArrayList.forEach(ArrayList.java:1596)
... Removed 25 stack frames]]>
    </failure>
  </testcase> <!-- verifyUpdatedNamePersistsAfterSave -->
  <testcase classname="com.toolshop.tests.UserProfileTest" name="verifyBlankFirstNameShowsValidationError" time="8.422">
    <failure type="java.lang.AssertionError" message="Expected a validation error on First Name after submitting blank value expected [true] but found [false]">
      <![CDATA[java.lang.AssertionError: Expected a validation error on First Name after submitting blank value expected [true] but found [false]
at com.toolshop.tests.UserProfileTest.verifyBlankFirstNameShowsValidationError(UserProfileTest.java:180)
at java.base/java.util.ArrayList.forEach(ArrayList.java:1596)
... Removed 28 stack frames]]>
    </failure>
  </testcase> <!-- verifyBlankFirstNameShowsValidationError -->
  <testcase classname="com.toolshop.tests.UserProfileTest" name="verifyBlankLastNameShowsValidationError" time="8.801">
    <failure type="java.lang.AssertionError" message="Expected a validation error on Last Name after submitting blank value expected [true] but found [false]">
      <![CDATA[java.lang.AssertionError: Expected a validation error on Last Name after submitting blank value expected [true] but found [false]
at com.toolshop.tests.UserProfileTest.verifyBlankLastNameShowsValidationError(UserProfileTest.java:206)
at java.base/java.util.ArrayList.forEach(ArrayList.java:1596)
... Removed 28 stack frames]]>
    </failure>
  </testcase> <!-- verifyBlankLastNameShowsValidationError -->
</testsuite> <!-- User Profile Tests -->
