<?xml version="1.0" encoding="UTF-8"?>
<testng-results ignored="0" total="7" passed="0" failed="7" skipped="0">
  <reporter-output>
  </reporter-output>
  <suite started-at="٢٠٢٦-٠٦-١٠T١٦:٢٤:٣٨ IDT" name="Default suite" finished-at="٢٠٢٦-٠٦-١٠T١٦:٢٧:٣٣ IDT" duration-ms="174955">
    <groups>
    </groups>
    <test started-at="٢٠٢٦-٠٦-١٠T١٦:٢٤:٣٨ IDT" name="Default test" finished-at="٢٠٢٦-٠٦-١٠T١٦:٢٧:٣٣ IDT" duration-ms="174955">
      <class name="com.toolshop.tests.UserProfileTest">
        <test-method is-config="true" signature="setUpReport()[pri:0, instance:com.toolshop.tests.UserProfileTest@8297b3a]" started-at="٢٠٢٦-٠٦-١٠T١٦:٢٤:٣٨ IDT" name="setUpReport" finished-at="٢٠٢٦-٠٦-١٠T١٦:٢٤:٣٨ IDT" duration-ms="224" status="PASS">
          <reporter-output>
          </reporter-output>
        </test-method> <!-- setUpReport -->
        <test-method is-config="true" signature="setUp(java.lang.reflect.Method)[pri:0, instance:com.toolshop.tests.UserProfileTest@8297b3a]" started-at="٢٠٢٦-٠٦-١٠T١٦:٢٤:٣٨ IDT" name="setUp" finished-at="٢٠٢٦-٠٦-١٠T١٦:٢٤:٤٤ IDT" duration-ms="5885" status="PASS">
          <params>
            <param index="0">
              <value>
                <![CDATA[public void com.toolshop.tests.UserProfileTest.verifyBlankFirstNameShowsValidationError()]]>
              </value>
            </param>
          </params>
          <reporter-output>
          </reporter-output>
        </test-method> <!-- setUp -->
        <test-method signature="verifyBlankFirstNameShowsValidationError()[pri:0, instance:com.toolshop.tests.UserProfileTest@8297b3a]" started-at="٢٠٢٦-٠٦-١٠T١٦:٢٤:٤٤ IDT" name="verifyBlankFirstNameShowsValidationError" description="UP-004: Blank first name should display a required-field validation error" finished-at="٢٠٢٦-٠٦-١٠T١٦:٢٤:٥٢ IDT" duration-ms="7855" status="FAIL">
          <exception class="java.lang.AssertionError">
            <message>
              <![CDATA[Expected a validation error on First Name after submitting blank value expected [true] but found [false]]]>
            </message>
            <full-stacktrace>
              <![CDATA[java.lang.AssertionError: Expected a validation error on First Name after submitting blank value expected [true] but found [false]
at org.testng.Assert.fail(Assert.java:111)
at org.testng.Assert.failNotEquals(Assert.java:1590)
at org.testng.Assert.assertTrue(Assert.java:57)
at com.toolshop.tests.UserProfileTest.verifyBlankFirstNameShowsValidationError(UserProfileTest.java:194)
at java.base/jdk.internal.reflect.DirectMethodHandleAccessor.invoke(DirectMethodHandleAccessor.java:103)
at java.base/java.lang.reflect.Method.invoke(Method.java:580)
at org.testng.internal.invokers.MethodInvocationHelper.invokeMethod(MethodInvocationHelper.java:141)
at org.testng.internal.invokers.TestInvoker.invokeMethod(TestInvoker.java:687)
at org.testng.internal.invokers.TestInvoker.invokeTestMethod(TestInvoker.java:230)
at org.testng.internal.invokers.MethodRunner.runInSequence(MethodRunner.java:63)
at org.testng.internal.invokers.TestInvoker$MethodInvocationAgent.invoke(TestInvoker.java:995)
at org.testng.internal.invokers.TestInvoker.invokeTestMethods(TestInvoker.java:203)
at org.testng.internal.invokers.TestMethodWorker.invokeTestMethods(TestMethodWorker.java:154)
at org.testng.internal.invokers.TestMethodWorker.run(TestMethodWorker.java:134)
at java.base/java.util.ArrayList.forEach(ArrayList.java:1596)
at org.testng.TestRunner.privateRun(TestRunner.java:741)
at org.testng.TestRunner.run(TestRunner.java:616)
at org.testng.SuiteRunner.runTest(SuiteRunner.java:421)
at org.testng.SuiteRunner.runSequentially(SuiteRunner.java:413)
at org.testng.SuiteRunner.privateRun(SuiteRunner.java:373)
at org.testng.SuiteRunner.run(SuiteRunner.java:312)
at org.testng.SuiteRunnerWorker.runSuite(SuiteRunnerWorker.java:52)
at org.testng.SuiteRunnerWorker.run(SuiteRunnerWorker.java:95)
at org.testng.TestNG.runSuitesSequentially(TestNG.java:1274)
at org.testng.TestNG.runSuitesLocally(TestNG.java:1208)
at org.testng.TestNG.runSuites(TestNG.java:1112)
at org.testng.TestNG.run(TestNG.java:1079)
at org.testng.remote.AbstractRemoteTestNG.run(AbstractRemoteTestNG.java:115)
at org.testng.remote.RemoteTestNG.initAndRun(RemoteTestNG.java:293)
at org.testng.remote.RemoteTestNG.main(RemoteTestNG.java:91)
]]>
            </full-stacktrace>
          </exception> <!-- java.lang.AssertionError -->
          <reporter-output>
          </reporter-output>
        </test-method> <!-- verifyBlankFirstNameShowsValidationError -->
        <test-method is-config="true" signature="tearDown(org.testng.ITestResult)[pri:0, instance:com.toolshop.tests.UserProfileTest@8297b3a]" started-at="٢٠٢٦-٠٦-١٠T١٦:٢٤:٥٢ IDT" name="tearDown" finished-at="٢٠٢٦-٠٦-١٠T١٦:٢٤:٥٢ IDT" duration-ms="288" status="PASS">
          <params>
            <param index="0">
              <value>
                <![CDATA[[TestResult name=verifyBlankFirstNameShowsValidationError status=FAILURE method=UserProfileTest.verifyBlankFirstNameShowsValidationError()[pri:0, instance:com.toolshop.tests.UserProfileTest@8297b3a] output={null}]]]>
              </value>
            </param>
          </params>
          <reporter-output>
          </reporter-output>
        </test-method> <!-- tearDown -->
        <test-method is-config="true" signature="setUp(java.lang.reflect.Method)[pri:0, instance:com.toolshop.tests.UserProfileTest@8297b3a]" started-at="٢٠٢٦-٠٦-١٠T١٦:٢٤:٥٢ IDT" name="setUp" finished-at="٢٠٢٦-٠٦-١٠T١٦:٢٤:٥٩ IDT" duration-ms="7262" status="PASS">
          <params>
            <param index="0">
              <value>
                <![CDATA[public void com.toolshop.tests.UserProfileTest.verifyBlankLastNameShowsValidationError()]]>
              </value>
            </param>
          </params>
          <reporter-output>
          </reporter-output>
        </test-method> <!-- setUp -->
        <test-method signature="verifyBlankLastNameShowsValidationError()[pri:0, instance:com.toolshop.tests.UserProfileTest@8297b3a]" started-at="٢٠٢٦-٠٦-١٠T١٦:٢٤:٥٩ IDT" name="verifyBlankLastNameShowsValidationError" description="UP-005: Blank last name should display a required-field validation error" finished-at="٢٠٢٦-٠٦-١٠T١٦:٢٥:١٠ IDT" duration-ms="10510" status="FAIL">
          <exception class="java.lang.AssertionError">
            <message>
              <![CDATA[Expected a validation error on Last Name after submitting blank value expected [true] but found [false]]]>
            </message>
            <full-stacktrace>
              <![CDATA[java.lang.AssertionError: Expected a validation error on Last Name after submitting blank value expected [true] but found [false]
at org.testng.Assert.fail(Assert.java:111)
at org.testng.Assert.failNotEquals(Assert.java:1590)
at org.testng.Assert.assertTrue(Assert.java:57)
at com.toolshop.tests.UserProfileTest.verifyBlankLastNameShowsValidationError(UserProfileTest.java:221)
at java.base/jdk.internal.reflect.DirectMethodHandleAccessor.invoke(DirectMethodHandleAccessor.java:103)
at java.base/java.lang.reflect.Method.invoke(Method.java:580)
at org.testng.internal.invokers.MethodInvocationHelper.invokeMethod(MethodInvocationHelper.java:141)
at org.testng.internal.invokers.TestInvoker.invokeMethod(TestInvoker.java:687)
at org.testng.internal.invokers.TestInvoker.invokeTestMethod(TestInvoker.java:230)
at org.testng.internal.invokers.MethodRunner.runInSequence(MethodRunner.java:63)
at org.testng.internal.invokers.TestInvoker$MethodInvocationAgent.invoke(TestInvoker.java:995)
at org.testng.internal.invokers.TestInvoker.invokeTestMethods(TestInvoker.java:203)
at org.testng.internal.invokers.TestMethodWorker.invokeTestMethods(TestMethodWorker.java:154)
at org.testng.internal.invokers.TestMethodWorker.run(TestMethodWorker.java:134)
at java.base/java.util.ArrayList.forEach(ArrayList.java:1596)
at org.testng.TestRunner.privateRun(TestRunner.java:741)
at org.testng.TestRunner.run(TestRunner.java:616)
at org.testng.SuiteRunner.runTest(SuiteRunner.java:421)
at org.testng.SuiteRunner.runSequentially(SuiteRunner.java:413)
at org.testng.SuiteRunner.privateRun(SuiteRunner.java:373)
at org.testng.SuiteRunner.run(SuiteRunner.java:312)
at org.testng.SuiteRunnerWorker.runSuite(SuiteRunnerWorker.java:52)
at org.testng.SuiteRunnerWorker.run(SuiteRunnerWorker.java:95)
at org.testng.TestNG.runSuitesSequentially(TestNG.java:1274)
at org.testng.TestNG.runSuitesLocally(TestNG.java:1208)
at org.testng.TestNG.runSuites(TestNG.java:1112)
at org.testng.TestNG.run(TestNG.java:1079)
at org.testng.remote.AbstractRemoteTestNG.run(AbstractRemoteTestNG.java:115)
at org.testng.remote.RemoteTestNG.initAndRun(RemoteTestNG.java:293)
at org.testng.remote.RemoteTestNG.main(RemoteTestNG.java:91)
]]>
            </full-stacktrace>
          </exception> <!-- java.lang.AssertionError -->
          <reporter-output>
          </reporter-output>
        </test-method> <!-- verifyBlankLastNameShowsValidationError -->
        <test-method is-config="true" signature="tearDown(org.testng.ITestResult)[pri:0, instance:com.toolshop.tests.UserProfileTest@8297b3a]" started-at="٢٠٢٦-٠٦-١٠T١٦:٢٥:١٠ IDT" name="tearDown" finished-at="٢٠٢٦-٠٦-١٠T١٦:٢٥:١٠ IDT" duration-ms="356" status="PASS">
          <params>
            <param index="0">
              <value>
                <![CDATA[[TestResult name=verifyBlankLastNameShowsValidationError status=FAILURE method=UserProfileTest.verifyBlankLastNameShowsValidationError()[pri:0, instance:com.toolshop.tests.UserProfileTest@8297b3a] output={null}]]]>
              </value>
            </param>
          </params>
          <reporter-output>
          </reporter-output>
        </test-method> <!-- tearDown -->
        <test-method is-config="true" signature="setUp(java.lang.reflect.Method)[pri:0, instance:com.toolshop.tests.UserProfileTest@8297b3a]" started-at="٢٠٢٦-٠٦-١٠T١٦:٢٥:١٠ IDT" name="setUp" finished-at="٢٠٢٦-٠٦-١٠T١٦:٢٥:١٣ IDT" duration-ms="2277" status="PASS">
          <params>
            <param index="0">
              <value>
                <![CDATA[public void com.toolshop.tests.UserProfileTest.verifyProfilePageDisplaysCurrentDetails()]]>
              </value>
            </param>
          </params>
          <reporter-output>
          </reporter-output>
        </test-method> <!-- setUp -->
        <test-method signature="verifyProfilePageDisplaysCurrentDetails()[pri:0, instance:com.toolshop.tests.UserProfileTest@8297b3a]" started-at="٢٠٢٦-٠٦-١٠T١٦:٢٥:١٣ IDT" name="verifyProfilePageDisplaysCurrentDetails" description="UP-001: Profile page should display pre-populated first name and email" finished-at="٢٠٢٦-٠٦-١٠T١٦:٢٥:١٥ IDT" duration-ms="2406" status="FAIL">
          <exception class="java.lang.AssertionError">
            <message>
              <![CDATA[The following asserts failed:
First name field is empty — expected a pre-populated value expected [false] but found [true],
Email field is empty — expected the customer email to be shown expected [false] but found [true],
Email field value '' does not contain '@' expected [true] but found [false]]]>
            </message>
            <full-stacktrace>
              <![CDATA[java.lang.AssertionError: The following asserts failed:
First name field is empty — expected a pre-populated value expected [false] but found [true],
Email field is empty — expected the customer email to be shown expected [false] but found [true],
Email field value '' does not contain '@' expected [true] but found [false]
at org.testng.asserts.SoftAssert.assertAll(SoftAssert.java:46)
at org.testng.asserts.SoftAssert.assertAll(SoftAssert.java:30)
at com.toolshop.tests.UserProfileTest.verifyProfilePageDisplaysCurrentDetails(UserProfileTest.java:77)
at java.base/jdk.internal.reflect.DirectMethodHandleAccessor.invoke(DirectMethodHandleAccessor.java:103)
at java.base/java.lang.reflect.Method.invoke(Method.java:580)
at org.testng.internal.invokers.MethodInvocationHelper.invokeMethod(MethodInvocationHelper.java:141)
at org.testng.internal.invokers.TestInvoker.invokeMethod(TestInvoker.java:687)
at org.testng.internal.invokers.TestInvoker.invokeTestMethod(TestInvoker.java:230)
at org.testng.internal.invokers.MethodRunner.runInSequence(MethodRunner.java:63)
at org.testng.internal.invokers.TestInvoker$MethodInvocationAgent.invoke(TestInvoker.java:995)
at org.testng.internal.invokers.TestInvoker.invokeTestMethods(TestInvoker.java:203)
at org.testng.internal.invokers.TestMethodWorker.invokeTestMethods(TestMethodWorker.java:154)
at org.testng.internal.invokers.TestMethodWorker.run(TestMethodWorker.java:134)
at java.base/java.util.ArrayList.forEach(ArrayList.java:1596)
at org.testng.TestRunner.privateRun(TestRunner.java:741)
at org.testng.TestRunner.run(TestRunner.java:616)
at org.testng.SuiteRunner.runTest(SuiteRunner.java:421)
at org.testng.SuiteRunner.runSequentially(SuiteRunner.java:413)
at org.testng.SuiteRunner.privateRun(SuiteRunner.java:373)
at org.testng.SuiteRunner.run(SuiteRunner.java:312)
at org.testng.SuiteRunnerWorker.runSuite(SuiteRunnerWorker.java:52)
at org.testng.SuiteRunnerWorker.run(SuiteRunnerWorker.java:95)
at org.testng.TestNG.runSuitesSequentially(TestNG.java:1274)
at org.testng.TestNG.runSuitesLocally(TestNG.java:1208)
at org.testng.TestNG.runSuites(TestNG.java:1112)
at org.testng.TestNG.run(TestNG.java:1079)
at org.testng.remote.AbstractRemoteTestNG.run(AbstractRemoteTestNG.java:115)
at org.testng.remote.RemoteTestNG.initAndRun(RemoteTestNG.java:293)
at org.testng.remote.RemoteTestNG.main(RemoteTestNG.java:91)
]]>
            </full-stacktrace>
          </exception> <!-- java.lang.AssertionError -->
          <reporter-output>
          </reporter-output>
        </test-method> <!-- verifyProfilePageDisplaysCurrentDetails -->
        <test-method is-config="true" signature="tearDown(org.testng.ITestResult)[pri:0, instance:com.toolshop.tests.UserProfileTest@8297b3a]" started-at="٢٠٢٦-٠٦-١٠T١٦:٢٥:١٥ IDT" name="tearDown" finished-at="٢٠٢٦-٠٦-١٠T١٦:٢٥:١٥ IDT" duration-ms="328" status="PASS">
          <params>
            <param index="0">
              <value>
                <![CDATA[[TestResult name=verifyProfilePageDisplaysCurrentDetails status=FAILURE method=UserProfileTest.verifyProfilePageDisplaysCurrentDetails()[pri:0, instance:com.toolshop.tests.UserProfileTest@8297b3a] output={null}]]]>
              </value>
            </param>
          </params>
          <reporter-output>
          </reporter-output>
        </test-method> <!-- tearDown -->
        <test-method is-config="true" signature="setUp(java.lang.reflect.Method)[pri:0, instance:com.toolshop.tests.UserProfileTest@8297b3a]" started-at="٢٠٢٦-٠٦-١٠T١٦:٢٥:١٦ IDT" name="setUp" finished-at="٢٠٢٦-٠٦-١٠T١٦:٢٥:١٨ IDT" duration-ms="1598" status="PASS">
          <params>
            <param index="0">
              <value>
                <![CDATA[public void com.toolshop.tests.UserProfileTest.verifyProfileUpdateWithValidData(java.lang.String,java.lang.String)]]>
              </value>
            </param>
          </params>
          <reporter-output>
          </reporter-output>
        </test-method> <!-- setUp -->
        <test-method signature="verifyProfileUpdateWithValidData(java.lang.String,java.lang.String)[pri:0, instance:com.toolshop.tests.UserProfileTest@8297b3a]" started-at="٢٠٢٦-٠٦-١٠T١٦:٢٥:١٨ IDT" name="verifyProfileUpdateWithValidData" description="UP-002: Valid profile update should show a success toast" data-provider="profileUpdates" finished-at="٢٠٢٦-٠٦-١٠T١٦:٢٥:٥٥ IDT" duration-ms="37076" status="FAIL">
          <params>
            <param index="0">
              <value>
                <![CDATA[Alaa]]>
              </value>
            </param>
            <param index="1">
              <value>
                <![CDATA[Tester]]>
              </value>
            </param>
          </params>
          <exception class="java.lang.AssertionError">
            <message>
              <![CDATA[Expected a 'profile updated' success message. Actual toast: '' expected [true] but found [false]]]>
            </message>
            <full-stacktrace>
              <![CDATA[java.lang.AssertionError: Expected a 'profile updated' success message. Actual toast: '' expected [true] but found [false]
at org.testng.Assert.fail(Assert.java:111)
at org.testng.Assert.failNotEquals(Assert.java:1590)
at org.testng.Assert.assertTrue(Assert.java:57)
at com.toolshop.tests.UserProfileTest.verifyProfileUpdateWithValidData(UserProfileTest.java:112)
at java.base/jdk.internal.reflect.DirectMethodHandleAccessor.invoke(DirectMethodHandleAccessor.java:103)
at java.base/java.lang.reflect.Method.invoke(Method.java:580)
at org.testng.internal.invokers.MethodInvocationHelper.invokeMethod(MethodInvocationHelper.java:141)
at org.testng.internal.invokers.TestInvoker.invokeMethod(TestInvoker.java:687)
at org.testng.internal.invokers.TestInvoker.invokeTestMethod(TestInvoker.java:230)
at org.testng.internal.invokers.MethodRunner.runInSequence(MethodRunner.java:63)
at org.testng.internal.invokers.TestInvoker$MethodInvocationAgent.invoke(TestInvoker.java:995)
at org.testng.internal.invokers.TestInvoker.invokeTestMethods(TestInvoker.java:203)
at org.testng.internal.invokers.TestMethodWorker.invokeTestMethods(TestMethodWorker.java:154)
at org.testng.internal.invokers.TestMethodWorker.run(TestMethodWorker.java:134)
at java.base/java.util.ArrayList.forEach(ArrayList.java:1596)
at org.testng.TestRunner.privateRun(TestRunner.java:741)
at org.testng.TestRunner.run(TestRunner.java:616)
at org.testng.SuiteRunner.runTest(SuiteRunner.java:421)
at org.testng.SuiteRunner.runSequentially(SuiteRunner.java:413)
at org.testng.SuiteRunner.privateRun(SuiteRunner.java:373)
at org.testng.SuiteRunner.run(SuiteRunner.java:312)
at org.testng.SuiteRunnerWorker.runSuite(SuiteRunnerWorker.java:52)
at org.testng.SuiteRunnerWorker.run(SuiteRunnerWorker.java:95)
at org.testng.TestNG.runSuitesSequentially(TestNG.java:1274)
at org.testng.TestNG.runSuitesLocally(TestNG.java:1208)
at org.testng.TestNG.runSuites(TestNG.java:1112)
at org.testng.TestNG.run(TestNG.java:1079)
at org.testng.remote.AbstractRemoteTestNG.run(AbstractRemoteTestNG.java:115)
at org.testng.remote.RemoteTestNG.initAndRun(RemoteTestNG.java:293)
at org.testng.remote.RemoteTestNG.main(RemoteTestNG.java:91)
]]>
            </full-stacktrace>
          </exception> <!-- java.lang.AssertionError -->
          <reporter-output>
          </reporter-output>
        </test-method> <!-- verifyProfileUpdateWithValidData -->
        <test-method is-config="true" signature="tearDown(org.testng.ITestResult)[pri:0, instance:com.toolshop.tests.UserProfileTest@8297b3a]" started-at="٢٠٢٦-٠٦-١٠T١٦:٢٥:٥٥ IDT" name="tearDown" finished-at="٢٠٢٦-٠٦-١٠T١٦:٢٥:٥٥ IDT" duration-ms="286" status="PASS">
          <params>
            <param index="0">
              <value>
                <![CDATA[[TestResult name=verifyProfileUpdateWithValidData status=FAILURE method=UserProfileTest.verifyProfileUpdateWithValidData(java.lang.String,java.lang.String)[pri:0, instance:com.toolshop.tests.UserProfileTest@8297b3a] output={null}]]]>
              </value>
            </param>
          </params>
          <reporter-output>
          </reporter-output>
        </test-method> <!-- tearDown -->
        <test-method is-config="true" signature="setUp(java.lang.reflect.Method)[pri:0, instance:com.toolshop.tests.UserProfileTest@8297b3a]" started-at="٢٠٢٦-٠٦-١٠T١٦:٢٥:٥٥ IDT" name="setUp" finished-at="٢٠٢٦-٠٦-١٠T١٦:٢٦:٠٨ IDT" duration-ms="13215" status="PASS">
          <params>
            <param index="0">
              <value>
                <![CDATA[public void com.toolshop.tests.UserProfileTest.verifyProfileUpdateWithValidData(java.lang.String,java.lang.String)]]>
              </value>
            </param>
          </params>
          <reporter-output>
          </reporter-output>
        </test-method> <!-- setUp -->
        <test-method signature="verifyProfileUpdateWithValidData(java.lang.String,java.lang.String)[pri:0, instance:com.toolshop.tests.UserProfileTest@8297b3a]" started-at="٢٠٢٦-٠٦-١٠T١٦:٢٦:٠٨ IDT" name="verifyProfileUpdateWithValidData" description="UP-002: Valid profile update should show a success toast" data-provider="profileUpdates" finished-at="٢٠٢٦-٠٦-١٠T١٦:٢٦:٢٦ IDT" duration-ms="17809" status="FAIL">
          <params>
            <param index="0">
              <value>
                <![CDATA[Jane]]>
              </value>
            </param>
            <param index="1">
              <value>
                <![CDATA[QA]]>
              </value>
            </param>
          </params>
          <exception class="java.lang.AssertionError">
            <message>
              <![CDATA[Expected a 'profile updated' success message. Actual toast: '' expected [true] but found [false]]]>
            </message>
            <full-stacktrace>
              <![CDATA[java.lang.AssertionError: Expected a 'profile updated' success message. Actual toast: '' expected [true] but found [false]
at org.testng.Assert.fail(Assert.java:111)
at org.testng.Assert.failNotEquals(Assert.java:1590)
at org.testng.Assert.assertTrue(Assert.java:57)
at com.toolshop.tests.UserProfileTest.verifyProfileUpdateWithValidData(UserProfileTest.java:112)
at java.base/jdk.internal.reflect.DirectMethodHandleAccessor.invoke(DirectMethodHandleAccessor.java:103)
at java.base/java.lang.reflect.Method.invoke(Method.java:580)
at org.testng.internal.invokers.MethodInvocationHelper.invokeMethod(MethodInvocationHelper.java:141)
at org.testng.internal.invokers.TestInvoker.invokeMethod(TestInvoker.java:687)
at org.testng.internal.invokers.TestInvoker.invokeTestMethod(TestInvoker.java:230)
at org.testng.internal.invokers.MethodRunner.runInSequence(MethodRunner.java:63)
at org.testng.internal.invokers.TestInvoker$MethodInvocationAgent.invoke(TestInvoker.java:995)
at org.testng.internal.invokers.TestInvoker.invokeTestMethods(TestInvoker.java:203)
at org.testng.internal.invokers.TestMethodWorker.invokeTestMethods(TestMethodWorker.java:154)
at org.testng.internal.invokers.TestMethodWorker.run(TestMethodWorker.java:134)
at java.base/java.util.ArrayList.forEach(ArrayList.java:1596)
at org.testng.TestRunner.privateRun(TestRunner.java:741)
at org.testng.TestRunner.run(TestRunner.java:616)
at org.testng.SuiteRunner.runTest(SuiteRunner.java:421)
at org.testng.SuiteRunner.runSequentially(SuiteRunner.java:413)
at org.testng.SuiteRunner.privateRun(SuiteRunner.java:373)
at org.testng.SuiteRunner.run(SuiteRunner.java:312)
at org.testng.SuiteRunnerWorker.runSuite(SuiteRunnerWorker.java:52)
at org.testng.SuiteRunnerWorker.run(SuiteRunnerWorker.java:95)
at org.testng.TestNG.runSuitesSequentially(TestNG.java:1274)
at org.testng.TestNG.runSuitesLocally(TestNG.java:1208)
at org.testng.TestNG.runSuites(TestNG.java:1112)
at org.testng.TestNG.run(TestNG.java:1079)
at org.testng.remote.AbstractRemoteTestNG.run(AbstractRemoteTestNG.java:115)
at org.testng.remote.RemoteTestNG.initAndRun(RemoteTestNG.java:293)
at org.testng.remote.RemoteTestNG.main(RemoteTestNG.java:91)
]]>
            </full-stacktrace>
          </exception> <!-- java.lang.AssertionError -->
          <reporter-output>
          </reporter-output>
        </test-method> <!-- verifyProfileUpdateWithValidData -->
        <test-method is-config="true" signature="tearDown(org.testng.ITestResult)[pri:0, instance:com.toolshop.tests.UserProfileTest@8297b3a]" started-at="٢٠٢٦-٠٦-١٠T١٦:٢٦:٢٦ IDT" name="tearDown" finished-at="٢٠٢٦-٠٦-١٠T١٦:٢٦:٢٦ IDT" duration-ms="352" status="PASS">
          <params>
            <param index="0">
              <value>
                <![CDATA[[TestResult name=verifyProfileUpdateWithValidData status=FAILURE method=UserProfileTest.verifyProfileUpdateWithValidData(java.lang.String,java.lang.String)[pri:0, instance:com.toolshop.tests.UserProfileTest@8297b3a] output={null}]]]>
              </value>
            </param>
          </params>
          <reporter-output>
          </reporter-output>
        </test-method> <!-- tearDown -->
        <test-method is-config="true" signature="setUp(java.lang.reflect.Method)[pri:0, instance:com.toolshop.tests.UserProfileTest@8297b3a]" started-at="٢٠٢٦-٠٦-١٠T١٦:٢٦:٢٦ IDT" name="setUp" finished-at="٢٠٢٦-٠٦-١٠T١٦:٢٦:٢٩ IDT" duration-ms="2212" status="PASS">
          <params>
            <param index="0">
              <value>
                <![CDATA[public void com.toolshop.tests.UserProfileTest.verifyUpdatedNamePersistsAfterSave(java.lang.String,java.lang.String)]]>
              </value>
            </param>
          </params>
          <reporter-output>
          </reporter-output>
        </test-method> <!-- setUp -->
        <test-method signature="verifyUpdatedNamePersistsAfterSave(java.lang.String,java.lang.String)[pri:0, instance:com.toolshop.tests.UserProfileTest@8297b3a]" started-at="٢٠٢٦-٠٦-١٠T١٦:٢٦:٢٩ IDT" name="verifyUpdatedNamePersistsAfterSave" description="UP-003: Updated profile values should persist after page reload" data-provider="profileUpdates" finished-at="٢٠٢٦-٠٦-١٠T١٦:٢٦:٥٣ IDT" duration-ms="24847" status="FAIL">
          <params>
            <param index="0">
              <value>
                <![CDATA[Alaa]]>
              </value>
            </param>
            <param index="1">
              <value>
                <![CDATA[Tester]]>
              </value>
            </param>
          </params>
          <exception class="java.lang.AssertionError">
            <message>
              <![CDATA[First name did not persist after save. Expected: 'Alaa' expected [Alaa] but found []]]>
            </message>
            <full-stacktrace>
              <![CDATA[java.lang.AssertionError: First name did not persist after save. Expected: 'Alaa' expected [Alaa] but found []
at org.testng.Assert.fail(Assert.java:111)
at org.testng.Assert.failNotEquals(Assert.java:1590)
at org.testng.Assert.assertEqualsImpl(Assert.java:150)
at org.testng.Assert.assertEquals(Assert.java:132)
at org.testng.Assert.assertEquals(Assert.java:656)
at com.toolshop.tests.UserProfileTest.verifyUpdatedNamePersistsAfterSave(UserProfileTest.java:156)
at java.base/jdk.internal.reflect.DirectMethodHandleAccessor.invoke(DirectMethodHandleAccessor.java:103)
at java.base/java.lang.reflect.Method.invoke(Method.java:580)
at org.testng.internal.invokers.MethodInvocationHelper.invokeMethod(MethodInvocationHelper.java:141)
at org.testng.internal.invokers.TestInvoker.invokeMethod(TestInvoker.java:687)
at org.testng.internal.invokers.TestInvoker.invokeTestMethod(TestInvoker.java:230)
at org.testng.internal.invokers.MethodRunner.runInSequence(MethodRunner.java:63)
at org.testng.internal.invokers.TestInvoker$MethodInvocationAgent.invoke(TestInvoker.java:995)
at org.testng.internal.invokers.TestInvoker.invokeTestMethods(TestInvoker.java:203)
at org.testng.internal.invokers.TestMethodWorker.invokeTestMethods(TestMethodWorker.java:154)
at org.testng.internal.invokers.TestMethodWorker.run(TestMethodWorker.java:134)
at java.base/java.util.ArrayList.forEach(ArrayList.java:1596)
at org.testng.TestRunner.privateRun(TestRunner.java:741)
at org.testng.TestRunner.run(TestRunner.java:616)
at org.testng.SuiteRunner.runTest(SuiteRunner.java:421)
at org.testng.SuiteRunner.runSequentially(SuiteRunner.java:413)
at org.testng.SuiteRunner.privateRun(SuiteRunner.java:373)
at org.testng.SuiteRunner.run(SuiteRunner.java:312)
at org.testng.SuiteRunnerWorker.runSuite(SuiteRunnerWorker.java:52)
at org.testng.SuiteRunnerWorker.run(SuiteRunnerWorker.java:95)
at org.testng.TestNG.runSuitesSequentially(TestNG.java:1274)
at org.testng.TestNG.runSuitesLocally(TestNG.java:1208)
at org.testng.TestNG.runSuites(TestNG.java:1112)
at org.testng.TestNG.run(TestNG.java:1079)
at org.testng.remote.AbstractRemoteTestNG.run(AbstractRemoteTestNG.java:115)
at org.testng.remote.RemoteTestNG.initAndRun(RemoteTestNG.java:293)
at org.testng.remote.RemoteTestNG.main(RemoteTestNG.java:91)
]]>
            </full-stacktrace>
          </exception> <!-- java.lang.AssertionError -->
          <reporter-output>
          </reporter-output>
        </test-method> <!-- verifyUpdatedNamePersistsAfterSave -->
        <test-method is-config="true" signature="tearDown(org.testng.ITestResult)[pri:0, instance:com.toolshop.tests.UserProfileTest@8297b3a]" started-at="٢٠٢٦-٠٦-١٠T١٦:٢٦:٥٣ IDT" name="tearDown" finished-at="٢٠٢٦-٠٦-١٠T١٦:٢٦:٥٤ IDT" duration-ms="366" status="PASS">
          <params>
            <param index="0">
              <value>
                <![CDATA[[TestResult name=verifyUpdatedNamePersistsAfterSave status=FAILURE method=UserProfileTest.verifyUpdatedNamePersistsAfterSave(java.lang.String,java.lang.String)[pri:0, instance:com.toolshop.tests.UserProfileTest@8297b3a] output={null}]]]>
              </value>
            </param>
          </params>
          <reporter-output>
          </reporter-output>
        </test-method> <!-- tearDown -->
        <test-method is-config="true" signature="setUp(java.lang.reflect.Method)[pri:0, instance:com.toolshop.tests.UserProfileTest@8297b3a]" started-at="٢٠٢٦-٠٦-١٠T١٦:٢٦:٥٤ IDT" name="setUp" finished-at="٢٠٢٦-٠٦-١٠T١٦:٢٦:٥٨ IDT" duration-ms="3928" status="PASS">
          <params>
            <param index="0">
              <value>
                <![CDATA[public void com.toolshop.tests.UserProfileTest.verifyUpdatedNamePersistsAfterSave(java.lang.String,java.lang.String)]]>
              </value>
            </param>
          </params>
          <reporter-output>
          </reporter-output>
        </test-method> <!-- setUp -->
        <test-method signature="verifyUpdatedNamePersistsAfterSave(java.lang.String,java.lang.String)[pri:0, instance:com.toolshop.tests.UserProfileTest@8297b3a]" started-at="٢٠٢٦-٠٦-١٠T١٦:٢٦:٥٨ IDT" name="verifyUpdatedNamePersistsAfterSave" description="UP-003: Updated profile values should persist after page reload" data-provider="profileUpdates" finished-at="٢٠٢٦-٠٦-١٠T١٦:٢٧:٣٣ IDT" duration-ms="34962" status="FAIL">
          <params>
            <param index="0">
              <value>
                <![CDATA[Jane]]>
              </value>
            </param>
            <param index="1">
              <value>
                <![CDATA[QA]]>
              </value>
            </param>
          </params>
          <exception class="org.openqa.selenium.TimeoutException">
            <message>
              <![CDATA[Expected condition failed: waiting for visibility of element found by By.cssSelector: [data-test='first-name'], but... org.openqa.selenium.NoSuchElementException: no such element: Unable to locate element: {"method":"css selector","selector":"[data-test='first-name']"}.
(tried for 20 seconds with ٥٠٠ milliseconds interval)
Build info: version: '4.44.0', revision: 'da2039b'
System info: os.name: 'Windows 10', os.arch: 'amd64', os.version: '10.0', java.version: '21.0.10'
Driver info: org.openqa.selenium.chrome.ChromeDriver
Capabilities {acceptInsecureCerts: false, browserName: chrome, browserVersion: 149.0.7827.54, chrome: {chromedriverVersion: 149.0.7827.55 (3188f8a607ae..., userDataDir: C:\Users\IMOE001\AppData\Lo...}, fedcm:accounts: true, goog:chromeOptions: {debuggerAddress: localhost:54548}, goog:processID: 7172, networkConnectionEnabled: false, pageLoadStrategy: normal, platformName: windows, proxy: Proxy(), se:cdp: ws://localhost:54548/devtoo..., se:cdpVersion: 149.0.7827.54, setWindowRect: true, strictFileInteractability: false, timeouts: {implicit: 0, pageLoad: 300000, script: 30000}, unhandledPromptBehavior: dismiss and notify, webauthn:extension:credBlob: true, webauthn:extension:largeBlob: true, webauthn:extension:minPinLength: true, webauthn:extension:prf: true, webauthn:virtualAuthenticators: true}
Session ID: f78886cec7400d6456146d07fdcf1ab7]]>
            </message>
            <full-stacktrace>
              <![CDATA[org.openqa.selenium.TimeoutException: Expected condition failed: waiting for visibility of element found by By.cssSelector: [data-test='first-name'], but... org.openqa.selenium.NoSuchElementException: no such element: Unable to locate element: {"method":"css selector","selector":"[data-test='first-name']"}.
(tried for 20 seconds with ٥٠٠ milliseconds interval)
Build info: version: '4.44.0', revision: 'da2039b'
System info: os.name: 'Windows 10', os.arch: 'amd64', os.version: '10.0', java.version: '21.0.10'
Driver info: org.openqa.selenium.chrome.ChromeDriver
Capabilities {acceptInsecureCerts: false, browserName: chrome, browserVersion: 149.0.7827.54, chrome: {chromedriverVersion: 149.0.7827.55 (3188f8a607ae..., userDataDir: C:\Users\IMOE001\AppData\Lo...}, fedcm:accounts: true, goog:chromeOptions: {debuggerAddress: localhost:54548}, goog:processID: 7172, networkConnectionEnabled: false, pageLoadStrategy: normal, platformName: windows, proxy: Proxy(), se:cdp: ws://localhost:54548/devtoo..., se:cdpVersion: 149.0.7827.54, setWindowRect: true, strictFileInteractability: false, timeouts: {implicit: 0, pageLoad: 300000, script: 30000}, unhandledPromptBehavior: dismiss and notify, webauthn:extension:credBlob: true, webauthn:extension:largeBlob: true, webauthn:extension:minPinLength: true, webauthn:extension:prf: true, webauthn:virtualAuthenticators: true}
Session ID: f78886cec7400d6456146d07fdcf1ab7
at org.openqa.selenium.support.ui.WebDriverWait.timeoutException(WebDriverWait.java:85)
at org.openqa.selenium.support.ui.FluentWait.until(FluentWait.java:234)
at com.toolshop.utils.WaitUtils.waitForVisible(WaitUtils.java:42)
at com.toolshop.tests.UserProfileTest.verifyUpdatedNamePersistsAfterSave(UserProfileTest.java:140)
at java.base/jdk.internal.reflect.DirectMethodHandleAccessor.invoke(DirectMethodHandleAccessor.java:103)
at java.base/java.lang.reflect.Method.invoke(Method.java:580)
at org.testng.internal.invokers.MethodInvocationHelper.invokeMethod(MethodInvocationHelper.java:141)
at org.testng.internal.invokers.TestInvoker.invokeMethod(TestInvoker.java:687)
at org.testng.internal.invokers.TestInvoker.invokeTestMethod(TestInvoker.java:230)
at org.testng.internal.invokers.MethodRunner.runInSequence(MethodRunner.java:63)
at org.testng.internal.invokers.TestInvoker$MethodInvocationAgent.invoke(TestInvoker.java:995)
at org.testng.internal.invokers.TestInvoker.invokeTestMethods(TestInvoker.java:203)
at org.testng.internal.invokers.TestMethodWorker.invokeTestMethods(TestMethodWorker.java:154)
at org.testng.internal.invokers.TestMethodWorker.run(TestMethodWorker.java:134)
at java.base/java.util.ArrayList.forEach(ArrayList.java:1596)
at org.testng.TestRunner.privateRun(TestRunner.java:741)
at org.testng.TestRunner.run(TestRunner.java:616)
at org.testng.SuiteRunner.runTest(SuiteRunner.java:421)
at org.testng.SuiteRunner.runSequentially(SuiteRunner.java:413)
at org.testng.SuiteRunner.privateRun(SuiteRunner.java:373)
at org.testng.SuiteRunner.run(SuiteRunner.java:312)
at org.testng.SuiteRunnerWorker.runSuite(SuiteRunnerWorker.java:52)
at org.testng.SuiteRunnerWorker.run(SuiteRunnerWorker.java:95)
at org.testng.TestNG.runSuitesSequentially(TestNG.java:1274)
at org.testng.TestNG.runSuitesLocally(TestNG.java:1208)
at org.testng.TestNG.runSuites(TestNG.java:1112)
at org.testng.TestNG.run(TestNG.java:1079)
at org.testng.remote.AbstractRemoteTestNG.run(AbstractRemoteTestNG.java:115)
at org.testng.remote.RemoteTestNG.initAndRun(RemoteTestNG.java:293)
at org.testng.remote.RemoteTestNG.main(RemoteTestNG.java:91)
]]>
            </full-stacktrace>
          </exception> <!-- org.openqa.selenium.TimeoutException -->
          <reporter-output>
          </reporter-output>
        </test-method> <!-- verifyUpdatedNamePersistsAfterSave -->
        <test-method is-config="true" signature="tearDown(org.testng.ITestResult)[pri:0, instance:com.toolshop.tests.UserProfileTest@8297b3a]" started-at="٢٠٢٦-٠٦-١٠T١٦:٢٧:٣٣ IDT" name="tearDown" finished-at="٢٠٢٦-٠٦-١٠T١٦:٢٧:٣٣ IDT" duration-ms="307" status="PASS">
          <params>
            <param index="0">
              <value>
                <![CDATA[[TestResult name=verifyUpdatedNamePersistsAfterSave status=FAILURE method=UserProfileTest.verifyUpdatedNamePersistsAfterSave(java.lang.String,java.lang.String)[pri:0, instance:com.toolshop.tests.UserProfileTest@8297b3a] output={null}]]]>
              </value>
            </param>
          </params>
          <reporter-output>
          </reporter-output>
        </test-method> <!-- tearDown -->
        <test-method is-config="true" signature="tearDownReport()[pri:0, instance:com.toolshop.tests.UserProfileTest@8297b3a]" started-at="٢٠٢٦-٠٦-١٠T١٦:٢٧:٣٣ IDT" name="tearDownReport" finished-at="٢٠٢٦-٠٦-١٠T١٦:٢٧:٣٣ IDT" duration-ms="349" status="PASS">
          <reporter-output>
          </reporter-output>
        </test-method> <!-- tearDownReport -->
      </class> <!-- com.toolshop.tests.UserProfileTest -->
    </test> <!-- Default test -->
  </suite> <!-- Default suite -->
</testng-results>
