<?xml version="1.0" encoding="UTF-8"?>
<!-- Generated by org.testng.reporters.JUnitReportReporter -->
<testsuite hostname="DESKTOP-E1KL1ST" failures="0" tests="9" name="com.toolshop.tests.AuthenticationTest" time="٥٥.٣٧٥" errors="0" timestamp="٢٠٢٦-٠٦-١٠T١٥:٣١:٢٢ IDT" skipped="0">
  <testcase classname="com.toolshop.tests.AuthenticationTest" name="testLoginWithInvalidEmail" time="٩.٧٥٩"/>
  <testcase classname="com.toolshop.tests.AuthenticationTest" name="testSuccessfulLogin" time="٦.٠٠٦"/>
  <testcase classname="com.toolshop.tests.AuthenticationTest" name="testSuccessfulLogin" time="١١.٠٣٧"/>
  <testcase classname="com.toolshop.tests.AuthenticationTest" name="testLoginWithInvalidEmail" time="٣.٠٩٥"/>
  <testcase classname="com.toolshop.tests.AuthenticationTest" name="testSuccessfulLogin" time="٥.١٢١"/>
  <testcase classname="com.toolshop.tests.AuthenticationTest" name="testLoginWithWrongPassword" time="٣.١١٧"/>
  <testcase classname="com.toolshop.tests.AuthenticationTest" name="testLoginWithWrongPassword" time="٥.٨٤٢"/>
  <testcase classname="com.toolshop.tests.AuthenticationTest" name="testSuccessfulLogin" time="٧.١٢١"/>
  <testcase classname="com.toolshop.tests.AuthenticationTest" name="testLoginWithWrongPassword" time="٤.٢٧٧"/>
</testsuite> <!-- com.toolshop.tests.AuthenticationTest -->
